# JRE version: Java(TM) SE Runtime Environment (8.0_171-b11) (build 1.8.0_171-b11)
# Java VM: Java HotSpot(TM) 64-Bit Server VM (25.171-b11 mixed mode windows-amd64 compressed oops)
Heap:
 PSYoungGen      total 540160K, used 1782K [0x000000076b500000, 0x000000078e780000, 0x00000007c0000000)
  eden space 527872K, 0% used [0x000000076b500000,0x000000076b6bd8e8,0x000000078b880000)
  from space 12288K, 0% used [0x000000078db80000,0x000000078db80000,0x000000078e780000)
  to   space 20992K, 0% used [0x000000078be80000,0x000000078be80000,0x000000078d300000)
 ParOldGen       total 220672K, used 96106K [0x00000006c1e00000, 0x00000006cf580000, 0x000000076b500000)
  object space 220672K, 43% used [0x00000006c1e00000,0x00000006c7bda8d8,0x00000006cf580000)
 Metaspace       used 76672K, capacity 80502K, committed 80896K, reserved 1120256K
  class space    used 9477K, capacity 10169K, committed 10240K, reserved 1048576K
GC Heap History (10 events):
Event: 2000.848 GC heap before
{Heap before GC invocations=30 (full 8):
 PSYoungGen      total 563200K, used 563164K [0x000000076b500000, 0x000000078f800000, 0x00000007c0000000)
  eden space 548352K, 100% used [0x000000076b500000,0x000000078cc80000,0x000000078cc80000)
  from space 14848K, 99% used [0x000000078e180000,0x000000078eff71d8,0x000000078f000000)
  to   space 8192K, 0% used [0x000000078f000000,0x000000078f000000,0x000000078f800000)
 ParOldGen       total 220672K, used 78034K [0x00000006c1e00000, 0x00000006cf580000, 0x000000076b500000)
  object space 220672K, 35% used [0x00000006c1e00000,0x00000006c6a34bb0,0x00000006cf580000)
 Metaspace       used 75085K, capacity 78946K, committed 79232K, reserved 1118208K
  class space    used 9365K, capacity 10043K, committed 10112K, reserved 1048576K
Event: 2000.879 GC heap after
Heap after GC invocations=30 (full 8):
 PSYoungGen      total 536064K, used 8188K [0x000000076b500000, 0x000000078f800000, 0x00000007c0000000)
  eden space 527872K, 0% used [0x000000076b500000,0x000000076b500000,0x000000078b880000)
  from space 8192K, 99% used [0x000000078f000000,0x000000078f7ff108,0x000000078f800000)
  to   space 21504K, 0% used [0x000000078ce00000,0x000000078ce00000,0x000000078e300000)
 ParOldGen       total 220672K, used 84539K [0x00000006c1e00000, 0x00000006cf580000, 0x000000076b500000)
  object space 220672K, 38% used [0x00000006c1e00000,0x00000006c708eef8,0x00000006cf580000)
 Metaspace       used 75085K, capacity 78946K, committed 79232K, reserved 1118208K
  class space    used 9365K, capacity 10043K, committed 10112K, reserved 1048576K
}
Event: 2261.312 GC heap before
{Heap before GC invocations=31 (full 8):
 PSYoungGen      total 536064K, used 238797K [0x000000076b500000, 0x000000078f800000, 0x00000007c0000000)
  eden space 527872K, 43% used [0x000000076b500000,0x0000000779634488,0x000000078b880000)
  from space 8192K, 99% used [0x000000078f000000,0x000000078f7ff108,0x000000078f800000)
  to   space 21504K, 0% used [0x000000078ce00000,0x000000078ce00000,0x000000078e300000)
 ParOldGen       total 220672K, used 84539K [0x00000006c1e00000, 0x00000006cf580000, 0x000000076b500000)
  object space 220672K, 38% used [0x00000006c1e00000,0x00000006c708eef8,0x00000006cf580000)
 Metaspace       used 75088K, capacity 78952K, committed 79232K, reserved 1118208K
  class space    used 9366K, capacity 10045K, committed 10112K, reserved 1048576K
Event: 2261.326 GC heap after
Heap after GC invocations=31 (full 8):
 PSYoungGen      total 537088K, used 9100K [0x000000076b500000, 0x000000078f080000, 0x00000007c0000000)
  eden space 527872K, 0% used [0x000000076b500000,0x000000076b500000,0x000000078b880000)
  from space 9216K, 98% used [0x000000078ce00000,0x000000078d6e3170,0x000000078d700000)
  to   space 21504K, 0% used [0x000000078db80000,0x000000078db80000,0x000000078f080000)
 ParOldGen       total 220672K, used 84547K [0x00000006c1e00000, 0x00000006cf580000, 0x000000076b500000)
  object space 220672K, 38% used [0x00000006c1e00000,0x00000006c7090ef8,0x00000006cf580000)
 Metaspace       used 75088K, capacity 78952K, committed 79232K, reserved 1118208K
  class space    used 9366K, capacity 10045K, committed 10112K, reserved 1048576K
}
Event: 2261.326 GC heap before
{Heap before GC invocations=32 (full 9):
 PSYoungGen      total 537088K, used 9100K [0x000000076b500000, 0x000000078f080000, 0x00000007c0000000)
  eden space 527872K, 0% used [0x000000076b500000,0x000000076b500000,0x000000078b880000)
  from space 9216K, 98% used [0x000000078ce00000,0x000000078d6e3170,0x000000078d700000)
  to   space 21504K, 0% used [0x000000078db80000,0x000000078db80000,0x000000078f080000)
 ParOldGen       total 220672K, used 84547K [0x00000006c1e00000, 0x00000006cf580000, 0x000000076b500000)
  object space 220672K, 38% used [0x00000006c1e00000,0x00000006c7090ef8,0x00000006cf580000)
 Metaspace       used 75088K, capacity 78952K, committed 79232K, reserved 1118208K
  class space    used 9366K, capacity 10045K, committed 10112K, reserved 1048576K
Event: 2262.040 GC heap after
Heap after GC invocations=32 (full 9):
 PSYoungGen      total 537088K, used 0K [0x000000076b500000, 0x000000078f080000, 0x00000007c0000000)
  eden space 527872K, 0% used [0x000000076b500000,0x000000076b500000,0x000000078b880000)
  from space 9216K, 0% used [0x000000078ce00000,0x000000078ce00000,0x000000078d700000)
  to   space 21504K, 0% used [0x000000078db80000,0x000000078db80000,0x000000078f080000)
 ParOldGen       total 220672K, used 86604K [0x00000006c1e00000, 0x00000006cf580000, 0x000000076b500000)
  object space 220672K, 39% used [0x00000006c1e00000,0x00000006c7293278,0x00000006cf580000)
 Metaspace       used 75020K, capacity 78844K, committed 79232K, reserved 1118208K
  class space    used 9356K, capacity 10027K, committed 10112K, reserved 1048576K
}
Event: 2273.299 GC heap before
{Heap before GC invocations=33 (full 9):
 PSYoungGen      total 537088K, used 399957K [0x000000076b500000, 0x000000078f080000, 0x00000007c0000000)
  eden space 527872K, 75% used [0x000000076b500000,0x0000000783b957c0,0x000000078b880000)
  from space 9216K, 0% used [0x000000078ce00000,0x000000078ce00000,0x000000078d700000)
  to   space 21504K, 0% used [0x000000078db80000,0x000000078db80000,0x000000078f080000)
 ParOldGen       total 220672K, used 86604K [0x00000006c1e00000, 0x00000006cf580000, 0x000000076b500000)
  object space 220672K, 39% used [0x00000006c1e00000,0x00000006c7293278,0x00000006cf580000)
 Metaspace       used 76739K, capacity 80610K, committed 80896K, reserved 1120256K
  class space    used 9486K, capacity 10187K, committed 10240K, reserved 1048576K
Event: 2273.324 GC heap after
Heap after GC invocations=33 (full 9):
 PSYoungGen      total 540160K, used 11812K [0x000000076b500000, 0x000000078e780000, 0x00000007c0000000)
  eden space 527872K, 0% used [0x000000076b500000,0x000000076b500000,0x000000078b880000)
  from space 12288K, 96% used [0x000000078db80000,0x000000078e709268,0x000000078e780000)
  to   space 20992K, 0% used [0x000000078be80000,0x000000078be80000,0x000000078d300000)
 ParOldGen       total 220672K, used 86612K [0x00000006c1e00000, 0x00000006cf580000, 0x000000076b500000)
  object space 220672K, 39% used [0x00000006c1e00000,0x00000006c7295278,0x00000006cf580000)
 Metaspace       used 76739K, capacity 80610K, committed 80896K, reserved 1120256K
  class space    used 9486K, capacity 10187K, committed 10240K, reserved 1048576K
}
Event: 2273.324 GC heap before
{Heap before GC invocations=34 (full 10):
 PSYoungGen      total 540160K, used 11812K [0x000000076b500000, 0x000000078e780000, 0x00000007c0000000)
  eden space 527872K, 0% used [0x000000076b500000,0x000000076b500000,0x000000078b880000)
  from space 12288K, 96% used [0x000000078db80000,0x000000078e709268,0x000000078e780000)
  to   space 20992K, 0% used [0x000000078be80000,0x000000078be80000,0x000000078d300000)
 ParOldGen       total 220672K, used 86612K [0x00000006c1e00000, 0x00000006cf580000, 0x000000076b500000)
  object space 220672K, 39% used [0x00000006c1e00000,0x00000006c7295278,0x00000006cf580000)
 Metaspace       used 76739K, capacity 80610K, committed 80896K, reserved 1120256K
  class space    used 9486K, capacity 10187K, committed 10240K, reserved 1048576K
Event: 2273.953 GC heap after
Heap after GC invocations=34 (full 10):
 PSYoungGen      total 540160K, used 0K [0x000000076b500000, 0x000000078e780000, 0x00000007c0000000)
  eden space 527872K, 0% used [0x000000076b500000,0x000000076b500000,0x000000078b880000)
  from space 12288K, 0% used [0x000000078db80000,0x000000078db80000,0x000000078e780000)
  to   space 20992K, 0% used [0x000000078be80000,0x000000078be80000,0x000000078d300000)
 ParOldGen       total 220672K, used 96106K [0x00000006c1e00000, 0x00000006cf580000, 0x000000076b500000)
  object space 220672K, 43% used [0x00000006c1e00000,0x00000006c7bda8d8,0x00000006cf580000)
 Metaspace       used 76671K, capacity 80502K, committed 80896K, reserved 1120256K
  class space    used 9476K, capacity 10169K, committed 10240K, reserved 1048576K
}

